Build started 13/05/2015 21:07:09.
     1>Project "C:\Users\Eduardo\Desktop\Jagger\trunk\JaggerV1\VStudioTest\TestAppforArduinoCode\TestAppforArduinoCode\TestAppforArduinoCode.vcxproj" on node 2 (Build target(s)).
     1>ClCompile:
         C:\Program Files (x86)\Microsoft Visual Studio 12.0\VC\bin\CL.exe /c /ZI /nologo /W3 /WX- /sdl /Od /Oy- /D WIN32 /D _DEBUG /D _CONSOLE /D _LIB /D _UNICODE /D UNICODE /Gm /EHsc /RTC1 /MDd /GS /fp:precise /Zc:wchar_t /Zc:forScope /Fo"Debug\\" /Fd"Debug\vc120.pdb" /Gd /TP /analyze- /errorReport:prompt stdafx.cpp TestAppforArduinoCode.cpp
         TestAppforArduinoCode.cpp
     1>c:\users\eduardo\desktop\jagger\trunk\jaggerv1\vstudiotest\testappforarduinocode\testappforarduinocode\testappforarduinocode.cpp(21): error C3861: 'RecebePacote': identifier not found
     1>c:\users\eduardo\desktop\jagger\trunk\jaggerv1\vstudiotest\testappforarduinocode\testappforarduinocode\testappforarduinocode.cpp(206): error C2660: 'SendPackage' : function does not take 2 arguments
     1>c:\users\eduardo\desktop\jagger\trunk\jaggerv1\vstudiotest\testappforarduinocode\testappforarduinocode\testappforarduinocode.cpp(233): error C2065: 'Serial' : undeclared identifier
     1>c:\users\eduardo\desktop\jagger\trunk\jaggerv1\vstudiotest\testappforarduinocode\testappforarduinocode\testappforarduinocode.cpp(233): error C2228: left of '.write' must have class/struct/union
                 type is 'unknown-type'
     1>c:\users\eduardo\desktop\jagger\trunk\jaggerv1\vstudiotest\testappforarduinocode\testappforarduinocode\testappforarduinocode.cpp(237): error C2065: 'UDP' : undeclared identifier
     1>c:\users\eduardo\desktop\jagger\trunk\jaggerv1\vstudiotest\testappforarduinocode\testappforarduinocode\testappforarduinocode.cpp(237): error C2228: left of '.write' must have class/struct/union
                 type is 'unknown-type'
     1>c:\users\eduardo\desktop\jagger\trunk\jaggerv1\vstudiotest\testappforarduinocode\testappforarduinocode\testappforarduinocode.cpp(237): error C2143: syntax error : missing ')' before 'const'
     1>c:\users\eduardo\desktop\jagger\trunk\jaggerv1\vstudiotest\testappforarduinocode\testappforarduinocode\testappforarduinocode.cpp(237): error C2059: syntax error : ')'
     1>c:\users\eduardo\desktop\jagger\trunk\jaggerv1\vstudiotest\testappforarduinocode\testappforarduinocode\testappforarduinocode.cpp(237): warning C4138: '*/' found outside of comment
     1>c:\users\eduardo\desktop\jagger\trunk\jaggerv1\vstudiotest\testappforarduinocode\testappforarduinocode\testappforarduinocode.cpp(237): error C2059: syntax error : '/'
     1>c:\users\eduardo\desktop\jagger\trunk\jaggerv1\vstudiotest\testappforarduinocode\testappforarduinocode\testappforarduinocode.cpp(240): error C2065: 'udp' : undeclared identifier
     1>c:\users\eduardo\desktop\jagger\trunk\jaggerv1\vstudiotest\testappforarduinocode\testappforarduinocode\testappforarduinocode.cpp(240): error C2228: left of '.endPacket' must have class/struct/union
                 type is 'unknown-type'
     1>c:\users\eduardo\desktop\jagger\trunk\jaggerv1\vstudiotest\testappforarduinocode\testappforarduinocode\testappforarduinocode.cpp(250): error C2065: 'UDP' : undeclared identifier
     1>c:\users\eduardo\desktop\jagger\trunk\jaggerv1\vstudiotest\testappforarduinocode\testappforarduinocode\testappforarduinocode.cpp(250): error C2228: left of '.parsePacket' must have class/struct/union
                 type is 'unknown-type'
     1>c:\users\eduardo\desktop\jagger\trunk\jaggerv1\vstudiotest\testappforarduinocode\testappforarduinocode\testappforarduinocode.cpp(251): error C3861: 'delay': identifier not found
         stdafx.cpp
         Generating Code...
     1>Done Building Project "C:\Users\Eduardo\Desktop\Jagger\trunk\JaggerV1\VStudioTest\TestAppforArduinoCode\TestAppforArduinoCode\TestAppforArduinoCode.vcxproj" (Build target(s)) -- FAILED.

Build FAILED.

Time Elapsed 00:00:02.16
